<?xml version="1.0" encoding="UTF-8"?>
<!-- Generated by org.testng.reporters.JUnitReportReporter -->
<testsuite skipped="2" hostname="DILIP" name="Runner.PriceMonitoringRunner" tests="3" failures="0" timestamp="19 Jun 2020 07:39:33 GMT" time="33.661" errors="0">
  <testcase name="searchProductOnFlipkartPageCalling" time="33.661" classname="Runner.PriceMonitoringRunner"/>
  <testcase name="searchProductOnAmazonPageCalling" classname="Runner.PriceMonitoringRunner">
    <skipped/>
  </testcase> <!-- searchProductOnAmazonPageCalling -->
  <testcase name="cheapestPriceAvailable" classname="Runner.PriceMonitoringRunner">
    <skipped/>
  </testcase> <!-- cheapestPriceAvailable -->
</testsuite> <!-- Runner.PriceMonitoringRunner -->
