<?xml version="1.0" encoding="UTF-8"?>
<!-- Generated by org.testng.reporters.JUnitReportReporter -->
<testsuite skipped="0" hostname="DILIP" name="FlipkartProducts.FlipcardProductPriceMonitoring" tests="1" failures="0" timestamp="11 Jun 2020 05:57:46 GMT" time="29.033" errors="0">
  <testcase name="searchProduct" time="29.033" classname="FlipkartProducts.FlipcardProductPriceMonitoring"/>
</testsuite> <!-- FlipkartProducts.FlipcardProductPriceMonitoring -->
