<?xml version="1.0" encoding="UTF-8"?>
<!-- Generated by org.testng.reporters.JUnitReportReporter -->
<testsuite skipped="0" hostname="DILIP" name="AmazonProducts.AmazonProductPriceMonitoring" tests="1" failures="0" timestamp="11 Jun 2020 05:58:07 GMT" time="0.016" errors="0">
  <testcase name="searchProduct" time="0.016" classname="AmazonProducts.AmazonProductPriceMonitoring"/>
</testsuite> <!-- AmazonProducts.AmazonProductPriceMonitoring -->
